AUDIT: 2025/02/02 18:32:25 Time: 2025-02-02T18:32:25+05:30 | Method: GET | URL: /redirect?code=iDFOVu | User-Agent: PostmanRuntime/7.43.0 | IP: ::1
AUDIT: 2025/02/02 18:59:18 Time: 2025-02-02T18:59:18+05:30 | Method: OPTIONS | URL: /challenges | User-Agent: Mozilla/5.0 (Windows NT 10.0; Win64; x64) AppleWebKit/537.36 (KHTML, like Gecko) Chrome/132.0.0.0 Safari/537.36 | IP: ::1
AUDIT: 2025/02/02 21:27:45 Time: 2025-02-02T21:27:45+05:30 | Method: OPTIONS | URL: /challenges | User-Agent: Mozilla/5.0 (Windows NT 10.0; Win64; x64) AppleWebKit/537.36 (KHTML, like Gecko) Chrome/132.0.0.0 Safari/537.36 | IP: ::1
AUDIT: 2025/02/02 22:51:33 Time: 2025-02-02T22:51:33+05:30 | Method: OPTIONS | URL: /challenges | User-Agent: Mozilla/5.0 (Windows NT 10.0; Win64; x64) AppleWebKit/537.36 (KHTML, like Gecko) Chrome/132.0.0.0 Safari/537.36 | IP: ::1
AUDIT: 2025/02/02 23:01:46 Time: 2025-02-02T23:01:46+05:30 | Method: OPTIONS | URL: /challenges | User-Agent: Mozilla/5.0 (Windows NT 10.0; Win64; x64) AppleWebKit/537.36 (KHTML, like Gecko) Chrome/132.0.0.0 Safari/537.36 | IP: ::1
AUDIT2025/02/03 08:01:17 Time: 2025-02-03T08:01:17+05:30 | Method: GET | URL: /redirect?code=iDFOVu | User-Agent: PostmanRuntime/7.43.0 | IP: ::1
AUDIT: 2025/02/03 08:03:57 Time: 2025-02-03T08:03:57+05:30 | Method: GET | URL: /redirect?code=iDFOVu | User-Agent: PostmanRuntime/7.43.0 | IP: ::1
AUDIT: 2025/02/03 08:33:20 Time: 2025-02-03T08:33:20+05:30 | Method: POST | URL: /shorten | User-Agent: PostmanRuntime/7.43.0 | IP: ::1
AUDIT: 2025/02/03 19:32:21 Time: 2025-02-03T19:32:21+05:30 | Method: POST | URL: /shorten | User-Agent: PostmanRuntime/7.43.0 | IP: ::1
AUDIT: 2025/02/03 19:49:30 Time: 2025-02-03T19:49:30+05:30 | Method: POST | URL: /shorten | User-Agent: PostmanRuntime/7.43.0 | IP: ::1
AUDIT: 2025/02/03 19:51:08 Time: 2025-02-03T19:51:08+05:30 | Method: POST | URL: /shorten | User-Agent: PostmanRuntime/7.43.0 | IP: ::1
AUDIT: 2025/02/03 19:53:30 Time: 2025-02-03T19:53:30+05:30 | Method: POST | URL: /shorten | User-Agent: PostmanRuntime/7.43.0 | IP: ::1
AUDIT: 2025/02/03 19:55:00 Time: 2025-02-03T19:55:00+05:30 | Method: POST | URL: /shorten | User-Agent: PostmanRuntime/7.43.0 | IP: ::1
AUDIT: 2025/02/03 20:00:03 Time: 2025-02-03T20:00:03+05:30 | Method: OPTIONS | URL: /challenges | User-Agent: Mozilla/5.0 (Windows NT 10.0; Win64; x64) AppleWebKit/537.36 (KHTML, like Gecko) Chrome/132.0.0.0 Safari/537.36 | IP: ::1
AUDIT: 2025/02/03 20:07:39 Time: 2025-02-03T20:07:39+05:30 | Method: OPTIONS | URL: /challenges | User-Agent: Mozilla/5.0 (Windows NT 10.0; Win64; x64) AppleWebKit/537.36 (KHTML, like Gecko) Chrome/132.0.0.0 Safari/537.36 | IP: ::1
AUDIT: 2025/02/03 20:45:06 Time: 2025-02-03T20:45:06+05:30 | Method: OPTIONS | URL: /challenges | User-Agent: Mozilla/5.0 (Windows NT 10.0; Win64; x64) AppleWebKit/537.36 (KHTML, like Gecko) Chrome/132.0.0.0 Safari/537.36 | IP: ::1
AUDIT: 2025/02/03 20:57:27 Time: 2025-02-03T20:57:27+05:30 | Method: POST | URL: /shorten-bulk | User-Agent: PostmanRuntime/7.43.0 | IP: ::1
AUDIT: 2025/02/03 20:57:59 Time: 2025-02-03T20:57:59+05:30 | Method: POST | URL: /shorten-bulk | User-Agent: PostmanRuntime/7.43.0 | IP: ::1
AUDIT: 2025/02/03 20:59:10 Time: 2025-02-03T20:59:10+05:30 | Method: POST | URL: /shorten-bulk | User-Agent: PostmanRuntime/7.43.0 | IP: ::1
AUDIT: 2025/02/03 20:59:29 Time: 2025-02-03T20:59:29+05:30 | Method: POST | URL: /shorten-bulk | User-Agent: PostmanRuntime/7.43.0 | IP: ::1
AUDIT: 2025/02/03 21:00:44 Time: 2025-02-03T21:00:44+05:30 | Method: POST | URL: /shorten-bulk | User-Agent: PostmanRuntime/7.43.0 | IP: ::1
AUDIT: 2025/02/03 21:01:57 Time: 2025-02-03T21:01:57+05:30 | Method: POST | URL: /shorten-bulk | User-Agent: PostmanRuntime/7.43.0 | IP: ::1
AUDIT: 2025/02/03 21:07:34 Time: 2025-02-03T21:07:34+05:30 | Method: POST | URL: /shorten-bulk | User-Agent: PostmanRuntime/7.43.0 | IP: ::1
AUDIT: 2025/02/03 21:37:06 Time: 2025-02-03T21:37:06+05:30 | Method: POST | URL: /shorten | User-Agent: PostmanRuntime/7.43.0 | IP: ::1
AUDIT: 2025/02/03 22:04:15 Time: 2025-02-03T22:04:15+05:30 | Method: POST | URL: /shorten | User-Agent: PostmanRuntime/7.43.0 | IP: ::1
AUDIT: 2025/02/03 22:30:14 Time: 2025-02-03T22:30:14+05:30 | Method: OPTIONS | URL: /challenges | User-Agent: Mozilla/5.0 (Windows NT 10.0; Win64; x64) AppleWebKit/537.36 (KHTML, like Gecko) Chrome/132.0.0.0 Safari/537.36 | IP: ::1
AUDIT: 2025/02/05 06:49:46 Time: 2025-02-05T06:49:46+05:30 | Method: OPTIONS | URL: /challenges | User-Agent: Mozilla/5.0 (Windows NT 10.0; Win64; x64) AppleWebKit/537.36 (KHTML, like Gecko) Chrome/132.0.0.0 Safari/537.36 | IP: ::1
AUDIT: 2025/02/05 06:57:11 Time: 2025-02-05T06:57:11+05:30 | Method: POST | URL: /shorten-bulk | User-Agent: PostmanRuntime/7.43.0 | IP: ::1
AUDIT: 2025/02/05 06:57:32 Time: 2025-02-05T06:57:32+05:30 | Method: POST | URL: /shorten-bulk | User-Agent: PostmanRuntime/7.43.0 | IP: ::1
AUDIT: 2025/02/05 07:06:14 Time: 2025-02-05T07:06:14+05:30 | Method: POST | URL: /shorten-bulk | User-Agent: PostmanRuntime/7.43.0 | IP: ::1
AUDIT: 2025/02/05 07:08:04 Time: 2025-02-05T07:08:04+05:30 | Method: POST | URL: /shorten-bulk | User-Agent: PostmanRuntime/7.43.0 | IP: ::1
AUDIT: 2025/02/05 07:38:18 Time: 2025-02-05T07:38:18+05:30 | Method: POST | URL: /shorten | User-Agent: PostmanRuntime/7.43.0 | IP: ::1
AUDIT: 2025/02/05 07:38:18 AuthenticateAPIKey Time Taken: 13.1467ms
AUDIT: 2025/02/05 07:38:18 BlacklistMiddleware Time Taken: 14.1875ms
AUDIT: 2025/02/05 07:38:18 LoggingMiddleware Time Taken: 14.7275ms
AUDIT: 2025/02/05 07:38:57 Time: 2025-02-05T07:38:57+05:30 | Method: POST | URL: /shorten-bulk | User-Agent: PostmanRuntime/7.43.0 | IP: ::1
AUDIT: 2025/02/05 07:38:57 LoggingMiddleware Time Taken: 2.3442ms
AUDIT: 2025/02/05 07:39:16 Time: 2025-02-05T07:39:16+05:30 | Method: POST | URL: /shorten-bulk | User-Agent: PostmanRuntime/7.43.0 | IP: ::1
AUDIT: 2025/02/05 07:39:16 IsEnterprise Time Taken: 55.3052ms
AUDIT: 2025/02/05 07:39:16 LoggingMiddleware Time Taken: 55.8297ms
AUDIT: 2025/02/05 07:53:45 Time: 2025-02-05T07:53:45+05:30 | Method: OPTIONS | URL: /challenges | User-Agent: Mozilla/5.0 (Windows NT 10.0; Win64; x64) AppleWebKit/537.36 (KHTML, like Gecko) Chrome/132.0.0.0 Safari/537.36 | IP: ::1
AUDIT: 2025/02/05 07:53:45 LoggingMiddleware Time Taken: 0s
AUDIT: 2025/02/05 08:24:51 Time: 2025-02-05T08:24:51+05:30 | Method: GET | URL: /redirect?code=iDFOVu | User-Agent: PostmanRuntime/7.43.0 | IP: ::1
AUDIT: 2025/02/05 08:24:51 LoggingMiddleware Time Taken: 1.8341ms
AUDIT: 2025/02/05 08:45:22 Time: 2025-02-05T08:45:22+05:30 | Method: OPTIONS | URL: /challenges | User-Agent: Mozilla/5.0 (Windows NT 10.0; Win64; x64) AppleWebKit/537.36 (KHTML, like Gecko) Chrome/132.0.0.0 Safari/537.36 | IP: ::1
AUDIT: 2025/02/05 08:45:22 LoggingMiddleware Time Taken: 540.7µs
AUDIT: 2025/02/05 10:18:41 Time: 2025-02-05T10:18:41+05:30 | Method: OPTIONS | URL: /challenges | User-Agent: Mozilla/5.0 (Windows NT 10.0; Win64; x64) AppleWebKit/537.36 (KHTML, like Gecko) Chrome/132.0.0.0 Safari/537.36 | IP: ::1
AUDIT: 2025/02/05 10:18:41 LoggingMiddleware Time Taken: 543.8µs
AUDIT: 2025/02/05 10:39:29 Time: 2025-02-05T10:39:29+05:30 | Method: GET | URL: /redirect?code=iDFOVu | User-Agent: PostmanRuntime/7.43.0 | IP: ::1
AUDIT: 2025/02/05 10:39:29 LoggingMiddleware Time Taken: 2.6727ms
AUDIT: 2025/02/05 13:01:48 Time: 2025-02-05T13:01:48+05:30 | Method: OPTIONS | URL: /challenges | User-Agent: Mozilla/5.0 (Windows NT 10.0; Win64; x64) AppleWebKit/537.36 (KHTML, like Gecko) Chrome/132.0.0.0 Safari/537.36 | IP: ::1
AUDIT: 2025/02/05 13:01:48 LoggingMiddleware Time Taken: 548.5µs
AUDIT: 2025/02/05 22:16:51 Time: 2025-02-05T22:16:51+05:30 | Method: GET | URL: /redirect?code=iDFOVu | User-Agent: PostmanRuntime/7.43.0 | IP: ::1
AUDIT: 2025/02/05 22:16:51 LoggingMiddleware Time Taken: 2.9735ms
AUDIT: 2025/02/06 08:33:53 AuthenticateAPIKey Time Taken: 9.4345ms
AUDIT: 2025/02/06 20:10:21 Time: 2025-02-06T20:10:21+05:30 | Method: OPTIONS | URL: /challenges | User-Agent: Mozilla/5.0 (Windows NT 10.0; Win64; x64) AppleWebKit/537.36 (KHTML, like Gecko) Chrome/132.0.0.0 Safari/537.36 | IP: ::1
AUDIT: 2025/02/06 20:10:21 LoggingMiddleware Time Taken: 7.179ms
AUDIT: 2025/02/06 21:09:21 Time: 2025-02-06T21:09:21+05:30 | Method: OPTIONS | URL: /challenges | User-Agent: Mozilla/5.0 (Windows NT 10.0; Win64; x64) AppleWebKit/537.36 (KHTML, like Gecko) Chrome/132.0.0.0 Safari/537.36 | IP: ::1
AUDIT: 2025/02/06 21:09:21 LoggingMiddleware Time Taken: 3.2028ms
AUDIT: 2025/02/06 21:41:28 Time: 2025-02-06T21:41:28+05:30 | Method: OPTIONS | URL: /challenges | User-Agent: Mozilla/5.0 (Windows NT 10.0; Win64; x64) AppleWebKit/537.36 (KHTML, like Gecko) Chrome/132.0.0.0 Safari/537.36 | IP: ::1
AUDIT: 2025/02/06 21:41:28 LoggingMiddleware Time Taken: 873.6µs
AUDIT: 2025/02/06 23:34:27 Time: 2025-02-06T23:34:27+05:30 | Method: OPTIONS | URL: /challenges | User-Agent: Mozilla/5.0 (Windows NT 10.0; Win64; x64) AppleWebKit/537.36 (KHTML, like Gecko) Chrome/132.0.0.0 Safari/537.36 | IP: ::1
AUDIT: 2025/02/06 23:34:27 LoggingMiddleware Time Taken: 1.134ms
AUDIT: 2025/02/07 07:54:00 Time: 2025-02-07T07:54:00+05:30 | Method: OPTIONS | URL: /challenges | User-Agent: Mozilla/5.0 (Windows NT 10.0; Win64; x64) AppleWebKit/537.36 (KHTML, like Gecko) Chrome/132.0.0.0 Safari/537.36 | IP: ::1
AUDIT: 2025/02/07 07:54:00 LoggingMiddleware Time Taken: 1.0529ms
AUDIT: 2025/02/14 20:36:55 Time: 2025-02-14T20:36:55+05:30 | Method: POST | URL: /shorten | User-Agent: PostmanRuntime/7.43.0 | IP: ::1
AUDIT: 2025/02/14 20:36:55 AuthenticateAPIKey Time Taken: 7.9606ms
AUDIT: 2025/02/14 20:36:55 BlacklistMiddleware Time Taken: 17.058ms
AUDIT: 2025/02/14 20:36:55 LoggingMiddleware Time Taken: 18.4311ms
AUDIT: 2025/02/14 20:37:38 Time: 2025-02-14T20:37:38+05:30 | Method: POST | URL: /shorten-bulk | User-Agent: PostmanRuntime/7.43.0 | IP: ::1
AUDIT: 2025/02/14 20:37:38 IsEnterprise Time Taken: 10.3716ms
AUDIT: 2025/02/14 20:37:38 LoggingMiddleware Time Taken: 10.3716ms
AUDIT: 2025/02/14 20:38:09 Time: 2025-02-14T20:38:09+05:30 | Method: GET | URL: /redirect?code=iDFOVu | User-Agent: PostmanRuntime/7.43.0 | IP: ::1
AUDIT: 2025/02/14 20:38:09 LoggingMiddleware Time Taken: 3.2479ms
AUDIT: 2025/02/14 20:38:20 Time: 2025-02-14T20:38:20+05:30 | Method: DELETE | URL: /redirect?code=ttTm2H | User-Agent: PostmanRuntime/7.43.0 | IP: ::1
AUDIT: 2025/02/14 20:38:20 LoggingMiddleware Time Taken: 1.5883ms
AUDIT: 2025/02/14 20:40:16 Time: 2025-02-14T20:40:16+05:30 | Method: GET | URL: /users/url | User-Agent: PostmanRuntime/7.43.0 | IP: ::1
AUDIT: 2025/02/14 20:40:16 LoggingMiddleware Time Taken: 505.3µs
AUDIT: 2025/02/16 10:27:41 Time: 2025-02-16T10:27:41+05:30 | Method: OPTIONS | URL: /challenges | User-Agent: Mozilla/5.0 (Windows NT 10.0; Win64; x64) AppleWebKit/537.36 (KHTML, like Gecko) Chrome/132.0.0.0 Safari/537.36 | IP: ::1
AUDIT: 2025/02/16 10:27:41 LoggingMiddleware Time Taken: 8.7548ms
AUDIT: 2025/03/08 07:41:49 Time: 2025-03-08T07:41:49+05:30 | Method: GET | URL: /redirect?code=iDFOVu | User-Agent: PostmanRuntime/7.43.0 | IP: ::1
AUDIT: 2025/03/08 07:41:49 LoggingMiddleware Time Taken: 8.6449ms
AUDIT: 2025/03/08 07:42:58 AuthenticateAPIKey Time Taken: 10.1145ms
AUDIT: 2025/03/08 07:44:39 Time: 2025-03-08T07:44:39+05:30 | Method: GET | URL: /redirect?code=VtnqDF | User-Agent: PostmanRuntime/7.43.0 | IP: ::1
AUDIT: 2025/03/08 07:44:39 LoggingMiddleware Time Taken: 9.366ms
AUDIT: 2025/03/08 08:05:36 AuthenticateAPIKey Time Taken: 14.8854ms
AUDIT: 2025/03/15 11:57:11 Time: 2025-03-15T11:57:11+05:30 | Method: GET | URL: /redirect?code=VtnqDF | User-Agent: PostmanRuntime/7.43.0 | IP: ::1
AUDIT: 2025/03/15 11:57:11 LoggingMiddleware Time Taken: 1.653ms
AUDIT: 2025/03/15 11:57:40 Time: 2025-03-15T11:57:40+05:30 | Method: GET | URL: /redirect?code=VtnqDF | User-Agent: PostmanRuntime/7.43.0 | IP: ::1
AUDIT: 2025/03/15 11:57:40 LoggingMiddleware Time Taken: 509.2µs
AUDIT: 2025/03/15 11:59:27 Time: 2025-03-15T11:59:27+05:30 | Method: GET | URL: /redirect?code=SlIF2RF | User-Agent: PostmanRuntime/7.43.0 | IP: ::1
AUDIT: 2025/03/15 11:59:27 LoggingMiddleware Time Taken: 1.9844ms
AUDIT: 2025/03/15 12:00:38 Time: 2025-03-15T12:00:38+05:30 | Method: GET | URL: /redirect?code=7ch4BC | User-Agent: PostmanRuntime/7.43.0 | IP: ::1
AUDIT: 2025/03/15 12:00:38 LoggingMiddleware Time Taken: 9.7984ms
AUDIT: 2025/03/15 12:01:02 Time: 2025-03-15T12:01:02+05:30 | Method: GET | URL: /redirect?code=7ch4BC | User-Agent: PostmanRuntime/7.43.0 | IP: ::1
AUDIT: 2025/03/15 12:01:02 LoggingMiddleware Time Taken: 0s
AUDIT: 2025/03/15 12:01:03 Time: 2025-03-15T12:01:03+05:30 | Method: GET | URL: /redirect?code=7ch4BC | User-Agent: PostmanRuntime/7.43.0 | IP: ::1
AUDIT: 2025/03/15 12:01:03 LoggingMiddleware Time Taken: 0s
AUDIT: 2025/03/15 12:01:49 Time: 2025-03-15T12:01:49+05:30 | Method: GET | URL: /redirect?code=7ch4BC | User-Agent: Mozilla/5.0 (Windows NT 10.0; Win64; x64) AppleWebKit/537.36 (KHTML, like Gecko) Chrome/133.0.0.0 Safari/537.36 | IP: ::1
AUDIT: 2025/03/15 12:01:49 LoggingMiddleware Time Taken: 0s
AUDIT: 2025/03/15 12:01:49 Time: 2025-03-15T12:01:49+05:30 | Method: GET | URL: /favicon.ico | User-Agent: Mozilla/5.0 (Windows NT 10.0; Win64; x64) AppleWebKit/537.36 (KHTML, like Gecko) Chrome/133.0.0.0 Safari/537.36 | IP: ::1
AUDIT: 2025/03/15 12:01:49 LoggingMiddleware Time Taken: 0s
AUDIT: 2025/03/15 12:02:02 Time: 2025-03-15T12:02:02+05:30 | Method: GET | URL: /redirect?code=7ch4BC | User-Agent: Mozilla/5.0 (Windows NT 10.0; Win64; x64) AppleWebKit/537.36 (KHTML, like Gecko) Chrome/133.0.0.0 Safari/537.36 | IP: ::1
AUDIT: 2025/03/15 12:02:02 LoggingMiddleware Time Taken: 2.2741ms
AUDIT: 2025/03/15 12:02:12 Time: 2025-03-15T12:02:12+05:30 | Method: GET | URL: /redirect?code=7ch4BC | User-Agent: Mozilla/5.0 (Windows NT 10.0; Win64; x64) AppleWebKit/537.36 (KHTML, like Gecko) Chrome/133.0.0.0 Safari/537.36 | IP: ::1
AUDIT: 2025/03/15 12:02:12 LoggingMiddleware Time Taken: 0s
AUDIT: 2025/03/15 12:02:14 Time: 2025-03-15T12:02:14+05:30 | Method: GET | URL: /redirect?code=7ch4BC | User-Agent: Mozilla/5.0 (Windows NT 10.0; Win64; x64) AppleWebKit/537.36 (KHTML, like Gecko) Chrome/133.0.0.0 Safari/537.36 | IP: ::1
AUDIT: 2025/03/15 12:02:14 LoggingMiddleware Time Taken: 0s
AUDIT: 2025/03/15 12:02:15 Time: 2025-03-15T12:02:15+05:30 | Method: GET | URL: /redirect?code=7ch4BC | User-Agent: Mozilla/5.0 (Windows NT 10.0; Win64; x64) AppleWebKit/537.36 (KHTML, like Gecko) Chrome/133.0.0.0 Safari/537.36 | IP: ::1
AUDIT: 2025/03/15 12:02:15 LoggingMiddleware Time Taken: 0s
AUDIT: 2025/03/15 12:04:12 Time: 2025-03-15T12:04:12+05:30 | Method: GET | URL: /redirect?code=7ch4BC | User-Agent: Mozilla/5.0 (Windows NT 10.0; Win64; x64) AppleWebKit/537.36 (KHTML, like Gecko) Chrome/133.0.0.0 Safari/537.36 | IP: ::1
AUDIT: 2025/03/15 12:04:12 LoggingMiddleware Time Taken: 504.7µs
AUDIT: 2025/03/15 12:04:14 Time: 2025-03-15T12:04:14+05:30 | Method: GET | URL: /redirect?code=7ch4BC | User-Agent: Mozilla/5.0 (Windows NT 10.0; Win64; x64) AppleWebKit/537.36 (KHTML, like Gecko) Chrome/133.0.0.0 Safari/537.36 | IP: ::1
AUDIT: 2025/03/15 12:04:14 LoggingMiddleware Time Taken: 0s
AUDIT: 2025/03/15 12:04:16 Time: 2025-03-15T12:04:16+05:30 | Method: GET | URL: /redirect?code=7ch4BC | User-Agent: Mozilla/5.0 (Windows NT 10.0; Win64; x64) AppleWebKit/537.36 (KHTML, like Gecko) Chrome/133.0.0.0 Safari/537.36 | IP: ::1
AUDIT: 2025/03/15 12:04:16 LoggingMiddleware Time Taken: 0s
AUDIT: 2025/03/15 12:04:17 Time: 2025-03-15T12:04:17+05:30 | Method: GET | URL: /redirect?code=7ch4BC | User-Agent: Mozilla/5.0 (Windows NT 10.0; Win64; x64) AppleWebKit/537.36 (KHTML, like Gecko) Chrome/133.0.0.0 Safari/537.36 | IP: ::1
AUDIT: 2025/03/15 12:04:17 LoggingMiddleware Time Taken: 0s
AUDIT: 2025/03/15 12:04:23 Time: 2025-03-15T12:04:23+05:30 | Method: GET | URL: /redirect?code=7ch4BCt | User-Agent: Mozilla/5.0 (Windows NT 10.0; Win64; x64) AppleWebKit/537.36 (KHTML, like Gecko) Chrome/133.0.0.0 Safari/537.36 | IP: ::1
AUDIT: 2025/03/15 12:04:23 LoggingMiddleware Time Taken: 2.8087ms
AUDIT: 2025/03/15 12:04:49 Time: 2025-03-15T12:04:49+05:30 | Method: GET | URL: /redirect?code=7ch4BC | User-Agent: Mozilla/5.0 (Windows NT 10.0; Win64; x64) AppleWebKit/537.36 (KHTML, like Gecko) Chrome/133.0.0.0 Safari/537.36 | IP: ::1
AUDIT: 2025/03/15 12:04:49 LoggingMiddleware Time Taken: 0s
AUDIT: 2025/03/15 12:17:45 Time: 2025-03-15T12:17:45+05:30 | Method: GET | URL: /redirect?code=7ch4BC | User-Agent: Mozilla/5.0 (Windows NT 10.0; Win64; x64) AppleWebKit/537.36 (KHTML, like Gecko) Chrome/133.0.0.0 Safari/537.36 | IP: ::1
AUDIT: 2025/03/15 12:17:45 LoggingMiddleware Time Taken: 21.9376ms
AUDIT: 2025/03/15 12:17:51 Time: 2025-03-15T12:17:51+05:30 | Method: GET | URL: /redirect?code=7ch4BC | User-Agent: Mozilla/5.0 (Windows NT 10.0; Win64; x64) AppleWebKit/537.36 (KHTML, like Gecko) Chrome/133.0.0.0 Safari/537.36 | IP: ::1
AUDIT: 2025/03/15 12:17:51 LoggingMiddleware Time Taken: 506.8µs
AUDIT: 2025/03/15 12:17:53 Time: 2025-03-15T12:17:53+05:30 | Method: GET | URL: /redirect?code=7ch4BC | User-Agent: Mozilla/5.0 (Windows NT 10.0; Win64; x64) AppleWebKit/537.36 (KHTML, like Gecko) Chrome/133.0.0.0 Safari/537.36 | IP: ::1
AUDIT: 2025/03/15 12:17:53 LoggingMiddleware Time Taken: 508.5µs
AUDIT: 2025/03/15 12:17:54 Time: 2025-03-15T12:17:54+05:30 | Method: GET | URL: /redirect?code=7ch4BC | User-Agent: Mozilla/5.0 (Windows NT 10.0; Win64; x64) AppleWebKit/537.36 (KHTML, like Gecko) Chrome/133.0.0.0 Safari/537.36 | IP: ::1
AUDIT: 2025/03/15 12:17:54 LoggingMiddleware Time Taken: 506.3µs
AUDIT: 2025/03/15 13:32:06 Time: 2025-03-15T13:32:06+05:30 | Method: GET | URL: /redirect?code=7ch4BC | User-Agent: Mozilla/5.0 (Windows NT 10.0; Win64; x64) AppleWebKit/537.36 (KHTML, like Gecko) Chrome/133.0.0.0 Safari/537.36 | IP: ::1
AUDIT: 2025/03/15 13:32:06 LoggingMiddleware Time Taken: 33.5205ms
AUDIT: 2025/03/15 13:32:07 Time: 2025-03-15T13:32:07+05:30 | Method: GET | URL: /redirect?code=7ch4BC | User-Agent: Mozilla/5.0 (Windows NT 10.0; Win64; x64) AppleWebKit/537.36 (KHTML, like Gecko) Chrome/133.0.0.0 Safari/537.36 | IP: ::1
AUDIT: 2025/03/15 13:32:07 LoggingMiddleware Time Taken: 2.7702ms
AUDIT: 2025/03/15 13:32:08 Time: 2025-03-15T13:32:08+05:30 | Method: GET | URL: /redirect?code=7ch4BC | User-Agent: Mozilla/5.0 (Windows NT 10.0; Win64; x64) AppleWebKit/537.36 (KHTML, like Gecko) Chrome/133.0.0.0 Safari/537.36 | IP: ::1
AUDIT: 2025/03/15 13:32:08 LoggingMiddleware Time Taken: 3.0778ms
AUDIT: 2025/03/15 15:20:30 Time: 2025-03-15T15:20:30+05:30 | Method: GET | URL: /redirect?code=7ch4BC | User-Agent: Mozilla/5.0 (Windows NT 10.0; Win64; x64) AppleWebKit/537.36 (KHTML, like Gecko) Chrome/133.0.0.0 Safari/537.36 | IP: ::1
AUDIT: 2025/03/15 15:20:30 LoggingMiddleware Time Taken: 34.5343ms
AUDIT: 2025/03/15 15:20:34 Time: 2025-03-15T15:20:34+05:30 | Method: GET | URL: /redirect?code=7ch4BC | User-Agent: Mozilla/5.0 (Windows NT 10.0; Win64; x64) AppleWebKit/537.36 (KHTML, like Gecko) Chrome/133.0.0.0 Safari/537.36 | IP: ::1
AUDIT: 2025/03/15 15:20:34 LoggingMiddleware Time Taken: 4.9643ms
AUDIT: 2025/03/15 15:20:40 Time: 2025-03-15T15:20:40+05:30 | Method: GET | URL: /redirect?code=7ch4BCtm | User-Agent: Mozilla/5.0 (Windows NT 10.0; Win64; x64) AppleWebKit/537.36 (KHTML, like Gecko) Chrome/133.0.0.0 Safari/537.36 | IP: ::1
AUDIT: 2025/03/15 15:20:40 LoggingMiddleware Time Taken: 14.7123ms
AUDIT: 2025/03/15 17:21:20 Time: 2025-03-15T17:21:20+05:30 | Method: GET | URL: /redirect?code=7ch4BC | User-Agent: PostmanRuntime/7.43.0 | IP: ::1
AUDIT: 2025/03/15 17:21:20 LoggingMiddleware Time Taken: 28.136ms
AUDIT: 2025/03/15 17:21:22 Time: 2025-03-15T17:21:22+05:30 | Method: GET | URL: /redirect?code=7ch4BC | User-Agent: PostmanRuntime/7.43.0 | IP: ::1
AUDIT: 2025/03/15 17:21:22 LoggingMiddleware Time Taken: 8.9018ms
AUDIT: 2025/03/15 17:21:24 Time: 2025-03-15T17:21:24+05:30 | Method: GET | URL: /redirect?code=7ch4BC | User-Agent: PostmanRuntime/7.43.0 | IP: ::1
AUDIT: 2025/03/15 17:21:24 LoggingMiddleware Time Taken: 4.3158ms
AUDIT: 2025/03/15 17:33:13 Time: 2025-03-15T17:33:13+05:30 | Method: POST | URL: /shorten | User-Agent: PostmanRuntime/7.43.0 | IP: ::1
AUDIT: 2025/03/15 17:33:13 AuthenticateAPIKey Time Taken: 25.2647ms
AUDIT: 2025/03/15 17:33:13 BlacklistMiddleware Time Taken: 42.7671ms
AUDIT: 2025/03/15 17:33:13 LoggingMiddleware Time Taken: 49.9388ms
AUDIT: 2025/03/15 17:33:15 Time: 2025-03-15T17:33:15+05:30 | Method: POST | URL: /shorten | User-Agent: PostmanRuntime/7.43.0 | IP: ::1
AUDIT: 2025/03/15 17:33:15 AuthenticateAPIKey Time Taken: 17.6692ms
AUDIT: 2025/03/15 17:33:15 BlacklistMiddleware Time Taken: 19.9526ms
AUDIT: 2025/03/15 17:33:15 LoggingMiddleware Time Taken: 22.6419ms
AUDIT: 2025/03/15 17:33:16 Time: 2025-03-15T17:33:16+05:30 | Method: POST | URL: /shorten | User-Agent: PostmanRuntime/7.43.0 | IP: ::1
AUDIT: 2025/03/15 17:33:16 LoggingMiddleware Time Taken: 3.4979ms
AUDIT: 2025/03/15 20:38:38 Time: 2025-03-15T20:38:38+05:30 | Method: GET | URL: /redirect?code=7ch4BC | User-Agent: PostmanRuntime/7.43.0 | IP: ::1
AUDIT: 2025/03/15 20:38:38 LoggingMiddleware Time Taken: 8.2215ms
AUDIT: 2025/03/15 20:39:19 Time: 2025-03-15T20:39:19+05:30 | Method: GET | URL: /redirect?code=7ch4BC | User-Agent: PostmanRuntime/7.43.0 | IP: ::1
AUDIT: 2025/03/15 20:39:19 LoggingMiddleware Time Taken: 6.2784ms
AUDIT: 2025/03/15 20:39:21 Time: 2025-03-15T20:39:21+05:30 | Method: GET | URL: /redirect?code=7ch4BC | User-Agent: PostmanRuntime/7.43.0 | IP: ::1
AUDIT: 2025/03/15 20:39:21 LoggingMiddleware Time Taken: 5.0714ms
AUDIT: 2025/03/15 20:42:07 Time: 2025-03-15T20:42:07+05:30 | Method: GET | URL: /redirect?code=7ch4BC | User-Agent: PostmanRuntime/7.43.0 | IP: ::1
AUDIT: 2025/03/15 20:42:07 LoggingMiddleware Time Taken: 7.1892ms
AUDIT: 2025/03/15 20:44:18 Time: 2025-03-15T20:44:18+05:30 | Method: GET | URL: /redirect?code=7ch4BC | User-Agent: PostmanRuntime/7.43.0 | IP: ::1
AUDIT: 2025/03/15 20:44:18 LoggingMiddleware Time Taken: 12.0376ms
AUDIT: 2025/03/15 20:44:20 Time: 2025-03-15T20:44:20+05:30 | Method: GET | URL: /redirect?code=7ch4BC | User-Agent: PostmanRuntime/7.43.0 | IP: ::1
AUDIT: 2025/03/15 20:44:20 LoggingMiddleware Time Taken: 6.3856ms
AUDIT: 2025/03/15 20:44:21 Time: 2025-03-15T20:44:21+05:30 | Method: GET | URL: /redirect?code=7ch4BC | User-Agent: PostmanRuntime/7.43.0 | IP: ::1
AUDIT: 2025/03/15 20:44:21 LoggingMiddleware Time Taken: 1.9763ms
AUDIT: 2025/03/15 20:45:05 Time: 2025-03-15T20:45:05+05:30 | Method: POST | URL: /shorten | User-Agent: PostmanRuntime/7.43.0 | IP: ::1
AUDIT: 2025/03/15 20:45:05 AuthenticateAPIKey Time Taken: 13.5417ms
AUDIT: 2025/03/15 20:45:05 BlacklistMiddleware Time Taken: 16.1489ms
AUDIT: 2025/03/15 20:45:05 LoggingMiddleware Time Taken: 21.6724ms
AUDIT: 2025/03/15 20:45:13 Time: 2025-03-15T20:45:13+05:30 | Method: POST | URL: /shorten | User-Agent: PostmanRuntime/7.43.0 | IP: ::1
AUDIT: 2025/03/15 20:45:13 LoggingMiddleware Time Taken: 2.534ms
AUDIT: 2025/03/15 20:49:48 Time: 2025-03-15T20:49:48+05:30 | Method: POST | URL: /shorten | User-Agent: PostmanRuntime/7.43.0 | IP: ::1
AUDIT: 2025/03/15 20:49:48 AuthenticateAPIKey Time Taken: 7.8484ms
AUDIT: 2025/03/15 20:49:48 BlacklistMiddleware Time Taken: 8.3698ms
AUDIT: 2025/03/15 20:49:48 LoggingMiddleware Time Taken: 13.3987ms
AUDIT: 2025/03/15 20:50:08 Time: 2025-03-15T20:50:08+05:30 | Method: POST | URL: /shorten | User-Agent: PostmanRuntime/7.43.0 | IP: ::1
AUDIT: 2025/03/15 20:50:08 LoggingMiddleware Time Taken: 3.2053ms
AUDIT: 2025/03/15 20:50:53 Time: 2025-03-15T20:50:53+05:30 | Method: POST | URL: /shorten | User-Agent: PostmanRuntime/7.43.0 | IP: ::1
AUDIT: 2025/03/15 20:50:53 AuthenticateAPIKey Time Taken: 6.1987ms
AUDIT: 2025/03/15 20:50:53 BlacklistMiddleware Time Taken: 6.2502ms
AUDIT: 2025/03/15 20:50:53 LoggingMiddleware Time Taken: 11.5049ms
AUDIT: 2025/03/15 20:50:56 Time: 2025-03-15T20:50:56+05:30 | Method: POST | URL: /shorten | User-Agent: PostmanRuntime/7.43.0 | IP: ::1
AUDIT: 2025/03/15 20:50:56 LoggingMiddleware Time Taken: 2.4868ms
AUDIT: 2025/03/15 20:53:45 Time: 2025-03-15T20:53:45+05:30 | Method: GET | URL: /redirect?code=7ch4BC | User-Agent: PostmanRuntime/7.43.0 | IP: ::1
AUDIT: 2025/03/15 20:53:45 LoggingMiddleware Time Taken: 8.5871ms
AUDIT: 2025/03/15 20:53:51 Time: 2025-03-15T20:53:51+05:30 | Method: GET | URL: /redirect?code=7ch4BC | User-Agent: PostmanRuntime/7.43.0 | IP: ::1
AUDIT: 2025/03/15 20:53:51 LoggingMiddleware Time Taken: 3.3363ms
AUDIT: 2025/03/15 20:53:53 Time: 2025-03-15T20:53:53+05:30 | Method: GET | URL: /redirect?code=7ch4BC | User-Agent: PostmanRuntime/7.43.0 | IP: ::1
AUDIT: 2025/03/15 20:53:53 LoggingMiddleware Time Taken: 6.3218ms
AUDIT: 2025/03/15 20:54:03 Time: 2025-03-15T20:54:03+05:30 | Method: GET | URL: /redirect?code=7ch4BC | User-Agent: PostmanRuntime/7.43.0 | IP: ::1
AUDIT: 2025/03/15 20:54:03 LoggingMiddleware Time Taken: 3.0658ms
AUDIT: 2025/03/15 21:38:51 Time: 2025-03-15T21:38:51+05:30 | Method: GET | URL: /redirect?code=7ch4BC | User-Agent: PostmanRuntime/7.43.0 | IP: ::1
AUDIT: 2025/03/15 21:38:51 LoggingMiddleware Time Taken: 13.5476ms
AUDIT: 2025/03/15 21:38:56 Time: 2025-03-15T21:38:56+05:30 | Method: GET | URL: /redirect?code=7ch4BC | User-Agent: PostmanRuntime/7.43.0 | IP: ::1
AUDIT: 2025/03/15 21:38:56 LoggingMiddleware Time Taken: 5.7256ms
AUDIT: 2025/03/15 21:38:57 Time: 2025-03-15T21:38:57+05:30 | Method: GET | URL: /redirect?code=7ch4BC | User-Agent: PostmanRuntime/7.43.0 | IP: ::1
AUDIT: 2025/03/15 21:38:57 LoggingMiddleware Time Taken: 2.5342ms
AUDIT: 2025/03/15 21:45:20 Time: 2025-03-15T21:45:20+05:30 | Method: GET | URL: /redirect?code=7ch4BC | User-Agent: PostmanRuntime/7.43.0 | IP: ::1
AUDIT: 2025/03/15 21:45:20 LoggingMiddleware Time Taken: 8.0651ms
AUDIT: 2025/03/15 21:45:22 Time: 2025-03-15T21:45:22+05:30 | Method: GET | URL: /redirect?code=7ch4BC | User-Agent: PostmanRuntime/7.43.0 | IP: ::1
AUDIT: 2025/03/15 21:45:22 LoggingMiddleware Time Taken: 3.9648ms
AUDIT: 2025/03/15 21:45:24 Time: 2025-03-15T21:45:24+05:30 | Method: GET | URL: /redirect?code=7ch4BC | User-Agent: PostmanRuntime/7.43.0 | IP: ::1
AUDIT: 2025/03/15 21:45:24 LoggingMiddleware Time Taken: 4.1968ms
AUDIT: 2025/03/15 21:45:25 Time: 2025-03-15T21:45:25+05:30 | Method: GET | URL: /redirect?code=7ch4BC | User-Agent: PostmanRuntime/7.43.0 | IP: ::1
AUDIT: 2025/03/15 21:45:25 LoggingMiddleware Time Taken: 4.7522ms
AUDIT: 2025/03/15 21:45:26 Time: 2025-03-15T21:45:26+05:30 | Method: GET | URL: /redirect?code=7ch4BC | User-Agent: PostmanRuntime/7.43.0 | IP: ::1
AUDIT: 2025/03/15 21:45:26 LoggingMiddleware Time Taken: 1.8837ms
AUDIT: 2025/03/15 22:05:11 Time: 2025-03-15T22:05:11+05:30 | Method: GET | URL: /redirect?code=7ch4BC | User-Agent: PostmanRuntime/7.43.0 | IP: ::1
AUDIT: 2025/03/15 22:05:11 LoggingMiddleware Time Taken: 18.0956ms
AUDIT: 2025/03/15 22:05:13 Time: 2025-03-15T22:05:13+05:30 | Method: GET | URL: /redirect?code=7ch4BC | User-Agent: PostmanRuntime/7.43.0 | IP: ::1
AUDIT: 2025/03/15 22:05:13 LoggingMiddleware Time Taken: 5.1296ms
AUDIT: 2025/03/15 22:05:17 Time: 2025-03-15T22:05:17+05:30 | Method: GET | URL: /redirect?code=7ch4BC | User-Agent: PostmanRuntime/7.43.0 | IP: ::1
AUDIT: 2025/03/15 22:05:17 LoggingMiddleware Time Taken: 5.8342ms
AUDIT: 2025/03/15 22:05:19 Time: 2025-03-15T22:05:19+05:30 | Method: GET | URL: /redirect?code=7ch4BC | User-Agent: PostmanRuntime/7.43.0 | IP: ::1
AUDIT: 2025/03/15 22:05:19 LoggingMiddleware Time Taken: 11.4578ms
AUDIT: 2025/03/15 22:05:20 Time: 2025-03-15T22:05:20+05:30 | Method: GET | URL: /redirect?code=7ch4BC | User-Agent: PostmanRuntime/7.43.0 | IP: ::1
AUDIT: 2025/03/15 22:05:20 LoggingMiddleware Time Taken: 2.9563ms
AUDIT: 2025/03/16 11:21:19 Time: 2025-03-16T11:21:19+05:30 | Method: GET | URL: /redirect?code=7ch4BC | User-Agent: PostmanRuntime/7.43.0 | IP: ::1
AUDIT: 2025/03/16 11:21:19 LoggingMiddleware Time Taken: 17.0333ms
AUDIT: 2025/03/16 11:21:22 Time: 2025-03-16T11:21:22+05:30 | Method: GET | URL: /redirect?code=7ch4BC | User-Agent: PostmanRuntime/7.43.0 | IP: ::1
AUDIT: 2025/03/16 11:21:22 LoggingMiddleware Time Taken: 5.332ms
AUDIT: 2025/03/16 11:21:26 Time: 2025-03-16T11:21:26+05:30 | Method: GET | URL: /redirect?code=7ch4BC | User-Agent: PostmanRuntime/7.43.0 | IP: ::1
AUDIT: 2025/03/16 11:21:26 LoggingMiddleware Time Taken: 5.9593ms
AUDIT: 2025/03/16 11:21:28 Time: 2025-03-16T11:21:28+05:30 | Method: GET | URL: /redirect?code=7ch4BC | User-Agent: PostmanRuntime/7.43.0 | IP: ::1
AUDIT: 2025/03/16 11:21:28 LoggingMiddleware Time Taken: 4.4245ms
AUDIT: 2025/03/16 11:21:29 Time: 2025-03-16T11:21:29+05:30 | Method: GET | URL: /redirect?code=7ch4BC | User-Agent: PostmanRuntime/7.43.0 | IP: ::1
AUDIT: 2025/03/16 11:21:29 LoggingMiddleware Time Taken: 11.9007ms
AUDIT: 2025/03/16 11:21:31 Time: 2025-03-16T11:21:31+05:30 | Method: GET | URL: /redirect?code=7ch4BC | User-Agent: PostmanRuntime/7.43.0 | IP: ::1
AUDIT: 2025/03/16 11:21:31 LoggingMiddleware Time Taken: 4.7481ms
AUDIT: 2025/03/16 11:22:17 Time: 2025-03-16T11:22:17+05:30 | Method: GET | URL: /redirect?code=7ch4BC | User-Agent: PostmanRuntime/7.43.0 | IP: ::1
AUDIT: 2025/03/16 11:22:17 LoggingMiddleware Time Taken: 14.4262ms
AUDIT: 2025/03/16 11:22:18 Time: 2025-03-16T11:22:18+05:30 | Method: GET | URL: /redirect?code=7ch4BC | User-Agent: PostmanRuntime/7.43.0 | IP: ::1
AUDIT: 2025/03/16 11:22:18 LoggingMiddleware Time Taken: 3.5461ms
AUDIT: 2025/03/16 11:22:20 Time: 2025-03-16T11:22:20+05:30 | Method: GET | URL: /redirect?code=7ch4BC | User-Agent: PostmanRuntime/7.43.0 | IP: ::1
AUDIT: 2025/03/16 11:22:20 LoggingMiddleware Time Taken: 22.0669ms
AUDIT: 2025/03/16 11:22:27 Time: 2025-03-16T11:22:27+05:30 | Method: GET | URL: /redirect?code=7ch4BC | User-Agent: PostmanRuntime/7.43.0 | IP: ::1
AUDIT: 2025/03/16 11:22:27 LoggingMiddleware Time Taken: 4.8905ms
AUDIT: 2025/03/16 11:22:28 Time: 2025-03-16T11:22:28+05:30 | Method: GET | URL: /redirect?code=7ch4BC | User-Agent: PostmanRuntime/7.43.0 | IP: ::1
AUDIT: 2025/03/16 11:22:28 LoggingMiddleware Time Taken: 5.3364ms
AUDIT: 2025/03/16 11:22:29 Time: 2025-03-16T11:22:29+05:30 | Method: GET | URL: /redirect?code=7ch4BC | User-Agent: PostmanRuntime/7.43.0 | IP: ::1
AUDIT: 2025/03/16 11:22:29 LoggingMiddleware Time Taken: 6.6442ms
AUDIT: 2025/03/16 11:22:30 Time: 2025-03-16T11:22:30+05:30 | Method: GET | URL: /redirect?code=7ch4BC | User-Agent: PostmanRuntime/7.43.0 | IP: ::1
AUDIT: 2025/03/16 11:22:30 LoggingMiddleware Time Taken: 4.4688ms
AUDIT: 2025/03/16 11:22:33 Time: 2025-03-16T11:22:33+05:30 | Method: GET | URL: /redirect?code=7ch4BC | User-Agent: PostmanRuntime/7.43.0 | IP: ::1
AUDIT: 2025/03/16 11:22:33 LoggingMiddleware Time Taken: 3.4382ms
AUDIT: 2025/03/16 11:22:34 Time: 2025-03-16T11:22:34+05:30 | Method: GET | URL: /redirect?code=7ch4BC | User-Agent: PostmanRuntime/7.43.0 | IP: ::1
AUDIT: 2025/03/16 11:22:34 LoggingMiddleware Time Taken: 3.9581ms
